<?xml version="1.0" encoding="UTF-8"?>
<testng-results ignored="2" total="32" passed="29" failed="1" skipped="0">
  <reporter-output>
  </reporter-output>
  <suite started-at="2026-05-27T22:00:46 IST" name="Suite" finished-at="2026-05-27T23:16:07 IST" duration-ms="4521244">
    <groups>
    </groups>
    <test started-at="2026-05-27T22:00:46 IST" name="Test" finished-at="2026-05-27T23:16:07 IST" duration-ms="4521244">
      <class name="test_login.Login_test">
        <test-method is-config="true" signature="setup()[pri:0, instance:test_login.Login_test@6200f9cb]" started-at="2026-05-27T22:00:46 IST" name="setup" finished-at="2026-05-27T22:01:00 IST" duration-ms="14478" status="PASS">
          <reporter-output>
          </reporter-output>
        </test-method> <!-- setup -->
        <test-method signature="MultipleRun()[pri:0, instance:test_login.Login_test@6200f9cb]" started-at="2026-05-27T22:01:00 IST" name="MultipleRun" finished-at="2026-05-27T22:03:24 IST" duration-ms="143779" status="PASS">
          <reporter-output>
          </reporter-output>
        </test-method> <!-- MultipleRun -->
        <test-method is-config="true" signature="tearDown()[pri:0, instance:test_login.Login_test@6200f9cb]" started-at="2026-05-27T22:03:24 IST" name="tearDown" finished-at="2026-05-27T22:03:26 IST" duration-ms="1602" status="PASS">
          <reporter-output>
          </reporter-output>
        </test-method> <!-- tearDown -->
        <test-method is-config="true" signature="setup()[pri:0, instance:test_login.Login_test@6200f9cb]" started-at="2026-05-27T22:03:26 IST" name="setup" finished-at="2026-05-27T22:03:35 IST" duration-ms="8716" status="PASS">
          <reporter-output>
          </reporter-output>
        </test-method> <!-- setup -->
        <test-method signature="MultipleRun()[pri:0, instance:test_login.Login_test@6200f9cb]" started-at="2026-05-27T22:03:35 IST" name="MultipleRun" finished-at="2026-05-27T22:05:36 IST" duration-ms="121569" status="FAIL">
          <exception class="org.openqa.selenium.WebDriverException">
            <message>
              <![CDATA['POST /element' cannot be proxied to UiAutomator2 server because the instrumentation process is not running (probably crashed). Check the server log and/or the logcat output for more details
Build info: version: '4.44.0', revision: 'da2039b'
System info: os.name: 'Windows 11', os.arch: 'amd64', os.version: '10.0', java.version: '21.0.11'
Driver info: io.appium.java_client.android.AndroidDriver
Command: [d281cecd-0039-4e0e-951c-5a12afba9b68, findElement {value=(//android.widget.TextView[@text='Unni Mukund'])[1], using=xpath}]
Capabilities {appium:appActivity: .MainActivity, appium:appPackage: com.clientelingmobileapp, appium:automationName: UiAutomator2, appium:chromedriverAutodownload: true, appium:databaseEnabled: false, appium:desired: {appActivity: .MainActivity, appPackage: com.clientelingmobileapp, automationName: UiAutomator2, chromedriverAutodownload: true, deviceName: Android Emulator, newCommandTimeout: 300, platformName: ANDROID, uiautomator2ServerInstallTimeout: 60000, uiautomator2ServerLaunchTimeout: 60000}, appium:deviceApiLevel: 34, appium:deviceManufacturer: Google, appium:deviceModel: sdk_gphone64_x86_64, appium:deviceName: emulator-5554, appium:deviceScreenDensity: 440, appium:deviceScreenSize: 1080x2340, appium:deviceUDID: emulator-5554, appium:javascriptEnabled: true, appium:locationContextEnabled: false, appium:networkConnectionEnabled: true, appium:newCommandTimeout: 300, appium:pixelRatio: 2.75, appium:platformVersion: 14, appium:statBarHeight: 136, appium:takesScreenshot: true, appium:uiautomator2ServerInstallTimeout: 60000, appium:uiautomator2ServerLaunchTimeout: 60000, appium:viewportRect: {height: 2204, left: 0, top: 136, width: 1080}, appium:warnings: {}, appium:webStorageEnabled: false, platformName: ANDROID}
Session ID: d281cecd-0039-4e0e-951c-5a12afba9b68]]>
            </message>
            <full-stacktrace>
              <![CDATA[org.openqa.selenium.WebDriverException: 'POST /element' cannot be proxied to UiAutomator2 server because the instrumentation process is not running (probably crashed). Check the server log and/or the logcat output for more details
Build info: version: '4.44.0', revision: 'da2039b'
System info: os.name: 'Windows 11', os.arch: 'amd64', os.version: '10.0', java.version: '21.0.11'
Driver info: io.appium.java_client.android.AndroidDriver
Command: [d281cecd-0039-4e0e-951c-5a12afba9b68, findElement {value=(//android.widget.TextView[@text='Unni Mukund'])[1], using=xpath}]
Capabilities {appium:appActivity: .MainActivity, appium:appPackage: com.clientelingmobileapp, appium:automationName: UiAutomator2, appium:chromedriverAutodownload: true, appium:databaseEnabled: false, appium:desired: {appActivity: .MainActivity, appPackage: com.clientelingmobileapp, automationName: UiAutomator2, chromedriverAutodownload: true, deviceName: Android Emulator, newCommandTimeout: 300, platformName: ANDROID, uiautomator2ServerInstallTimeout: 60000, uiautomator2ServerLaunchTimeout: 60000}, appium:deviceApiLevel: 34, appium:deviceManufacturer: Google, appium:deviceModel: sdk_gphone64_x86_64, appium:deviceName: emulator-5554, appium:deviceScreenDensity: 440, appium:deviceScreenSize: 1080x2340, appium:deviceUDID: emulator-5554, appium:javascriptEnabled: true, appium:locationContextEnabled: false, appium:networkConnectionEnabled: true, appium:newCommandTimeout: 300, appium:pixelRatio: 2.75, appium:platformVersion: 14, appium:statBarHeight: 136, appium:takesScreenshot: true, appium:uiautomator2ServerInstallTimeout: 60000, appium:uiautomator2ServerLaunchTimeout: 60000, appium:viewportRect: {height: 2204, left: 0, top: 136, width: 1080}, appium:warnings: {}, appium:webStorageEnabled: false, platformName: ANDROID}
Session ID: d281cecd-0039-4e0e-951c-5a12afba9b68
at org.openqa.selenium.remote.ErrorCodec.decode(ErrorCodec.java:169)
at org.openqa.selenium.remote.codec.w3c.W3CHttpResponseCodec.decode(W3CHttpResponseCodec.java:143)
at org.openqa.selenium.remote.codec.w3c.W3CHttpResponseCodec.decode(W3CHttpResponseCodec.java:50)
at org.openqa.selenium.remote.HttpCommandExecutor.execute(HttpCommandExecutor.java:224)
at io.appium.java_client.remote.AppiumCommandExecutor.execute(AppiumCommandExecutor.java:243)
at org.openqa.selenium.remote.RemoteWebDriver.execute(RemoteWebDriver.java:600)
at org.openqa.selenium.remote.ElementLocation$ElementFinder$2.findElement(ElementLocation.java:173)
at org.openqa.selenium.remote.ElementLocation.findElement(ElementLocation.java:60)
at org.openqa.selenium.remote.RemoteWebDriver.findElement(RemoteWebDriver.java:421)
at org.openqa.selenium.remote.RemoteWebDriver.findElement(RemoteWebDriver.java:415)
at test_login.Login_test.MultipleRun(Login_test.java:599)
at java.base/jdk.internal.reflect.DirectMethodHandleAccessor.invoke(DirectMethodHandleAccessor.java:103)
at java.base/java.lang.reflect.Method.invoke(Method.java:580)
at org.testng.internal.invokers.MethodInvocationHelper.invokeMethod(MethodInvocationHelper.java:141)
at org.testng.internal.invokers.TestInvoker.invokeMethod(TestInvoker.java:687)
at org.testng.internal.invokers.TestInvoker.invokeTestMethod(TestInvoker.java:230)
at org.testng.internal.invokers.MethodRunner.runInSequence(MethodRunner.java:63)
at org.testng.internal.invokers.TestInvoker$MethodInvocationAgent.invoke(TestInvoker.java:995)
at org.testng.internal.invokers.TestInvoker.invokeTestMethods(TestInvoker.java:203)
at org.testng.internal.invokers.TestMethodWorker.invokeTestMethods(TestMethodWorker.java:154)
at org.testng.internal.invokers.TestMethodWorker.run(TestMethodWorker.java:134)
at java.base/java.util.ArrayList.forEach(ArrayList.java:1596)
at org.testng.TestRunner.privateRun(TestRunner.java:741)
at org.testng.TestRunner.run(TestRunner.java:616)
at org.testng.SuiteRunner.runTest(SuiteRunner.java:421)
at org.testng.SuiteRunner.runSequentially(SuiteRunner.java:413)
at org.testng.SuiteRunner.privateRun(SuiteRunner.java:373)
at org.testng.SuiteRunner.run(SuiteRunner.java:312)
at org.testng.SuiteRunnerWorker.runSuite(SuiteRunnerWorker.java:52)
at org.testng.SuiteRunnerWorker.run(SuiteRunnerWorker.java:95)
at org.testng.TestNG.runSuitesSequentially(TestNG.java:1274)
at org.testng.TestNG.runSuitesLocally(TestNG.java:1208)
at org.testng.TestNG.runSuites(TestNG.java:1112)
at org.testng.TestNG.run(TestNG.java:1079)
at org.testng.remote.AbstractRemoteTestNG.run(AbstractRemoteTestNG.java:115)
at org.testng.remote.RemoteTestNG.initAndRun(RemoteTestNG.java:293)
at org.testng.remote.RemoteTestNG.main(RemoteTestNG.java:91)
]]>
            </full-stacktrace>
          </exception> <!-- org.openqa.selenium.WebDriverException -->
          <reporter-output>
          </reporter-output>
        </test-method> <!-- MultipleRun -->
        <test-method is-config="true" signature="tearDown()[pri:0, instance:test_login.Login_test@6200f9cb]" started-at="2026-05-27T22:05:36 IST" name="tearDown" finished-at="2026-05-27T22:05:38 IST" duration-ms="1602" status="PASS">
          <reporter-output>
          </reporter-output>
        </test-method> <!-- tearDown -->
        <test-method is-config="true" signature="setup()[pri:0, instance:test_login.Login_test@6200f9cb]" started-at="2026-05-27T22:05:38 IST" name="setup" finished-at="2026-05-27T22:05:44 IST" duration-ms="6153" status="PASS">
          <reporter-output>
          </reporter-output>
        </test-method> <!-- setup -->
        <test-method signature="MultipleRun()[pri:0, instance:test_login.Login_test@6200f9cb]" started-at="2026-05-27T22:05:44 IST" name="MultipleRun" finished-at="2026-05-27T22:08:05 IST" duration-ms="140811" status="PASS">
          <reporter-output>
          </reporter-output>
        </test-method> <!-- MultipleRun -->
        <test-method is-config="true" signature="tearDown()[pri:0, instance:test_login.Login_test@6200f9cb]" started-at="2026-05-27T22:08:05 IST" name="tearDown" finished-at="2026-05-27T22:08:06 IST" duration-ms="1272" status="PASS">
          <reporter-output>
          </reporter-output>
        </test-method> <!-- tearDown -->
        <test-method is-config="true" signature="setup()[pri:0, instance:test_login.Login_test@6200f9cb]" started-at="2026-05-27T22:08:06 IST" name="setup" finished-at="2026-05-27T22:08:13 IST" duration-ms="7283" status="PASS">
          <reporter-output>
          </reporter-output>
        </test-method> <!-- setup -->
        <test-method signature="MultipleRun()[pri:0, instance:test_login.Login_test@6200f9cb]" started-at="2026-05-27T22:08:13 IST" name="MultipleRun" finished-at="2026-05-27T22:10:37 IST" duration-ms="143965" status="PASS">
          <reporter-output>
          </reporter-output>
        </test-method> <!-- MultipleRun -->
        <test-method is-config="true" signature="tearDown()[pri:0, instance:test_login.Login_test@6200f9cb]" started-at="2026-05-27T22:10:37 IST" name="tearDown" finished-at="2026-05-27T22:10:39 IST" duration-ms="2091" status="PASS">
          <reporter-output>
          </reporter-output>
        </test-method> <!-- tearDown -->
        <test-method is-config="true" signature="setup()[pri:0, instance:test_login.Login_test@6200f9cb]" started-at="2026-05-27T22:10:39 IST" name="setup" finished-at="2026-05-27T22:10:52 IST" duration-ms="12433" status="PASS">
          <reporter-output>
          </reporter-output>
        </test-method> <!-- setup -->
        <test-method signature="MultipleRun()[pri:0, instance:test_login.Login_test@6200f9cb]" started-at="2026-05-27T22:10:52 IST" name="MultipleRun" finished-at="2026-05-27T22:13:17 IST" duration-ms="145215" status="PASS">
          <reporter-output>
          </reporter-output>
        </test-method> <!-- MultipleRun -->
        <test-method is-config="true" signature="tearDown()[pri:0, instance:test_login.Login_test@6200f9cb]" started-at="2026-05-27T22:13:17 IST" name="tearDown" finished-at="2026-05-27T22:13:20 IST" duration-ms="2713" status="PASS">
          <reporter-output>
          </reporter-output>
        </test-method> <!-- tearDown -->
        <test-method is-config="true" signature="setup()[pri:0, instance:test_login.Login_test@6200f9cb]" started-at="2026-05-27T22:13:20 IST" name="setup" finished-at="2026-05-27T22:13:33 IST" duration-ms="12821" status="PASS">
          <reporter-output>
          </reporter-output>
        </test-method> <!-- setup -->
        <test-method signature="MultipleRun()[pri:0, instance:test_login.Login_test@6200f9cb]" started-at="2026-05-27T22:13:33 IST" name="MultipleRun" finished-at="2026-05-27T22:16:00 IST" duration-ms="147604" status="PASS">
          <reporter-output>
          </reporter-output>
        </test-method> <!-- MultipleRun -->
        <test-method is-config="true" signature="tearDown()[pri:0, instance:test_login.Login_test@6200f9cb]" started-at="2026-05-27T22:16:00 IST" name="tearDown" finished-at="2026-05-27T22:16:02 IST" duration-ms="1661" status="PASS">
          <reporter-output>
          </reporter-output>
        </test-method> <!-- tearDown -->
        <test-method is-config="true" signature="setup()[pri:0, instance:test_login.Login_test@6200f9cb]" started-at="2026-05-27T22:16:02 IST" name="setup" finished-at="2026-05-27T22:16:12 IST" duration-ms="9678" status="PASS">
          <reporter-output>
          </reporter-output>
        </test-method> <!-- setup -->
        <test-method signature="MultipleRun()[pri:0, instance:test_login.Login_test@6200f9cb]" started-at="2026-05-27T22:16:12 IST" name="MultipleRun" finished-at="2026-05-27T22:18:32 IST" duration-ms="139967" status="PASS">
          <reporter-output>
          </reporter-output>
        </test-method> <!-- MultipleRun -->
        <test-method is-config="true" signature="tearDown()[pri:0, instance:test_login.Login_test@6200f9cb]" started-at="2026-05-27T22:18:32 IST" name="tearDown" finished-at="2026-05-27T22:18:33 IST" duration-ms="1044" status="PASS">
          <reporter-output>
          </reporter-output>
        </test-method> <!-- tearDown -->
        <test-method is-config="true" signature="setup()[pri:0, instance:test_login.Login_test@6200f9cb]" started-at="2026-05-27T22:18:33 IST" name="setup" finished-at="2026-05-27T22:18:39 IST" duration-ms="6297" status="PASS">
          <reporter-output>
          </reporter-output>
        </test-method> <!-- setup -->
        <test-method signature="MultipleRun()[pri:0, instance:test_login.Login_test@6200f9cb]" started-at="2026-05-27T22:18:39 IST" name="MultipleRun" finished-at="2026-05-27T22:21:01 IST" duration-ms="141966" status="PASS">
          <reporter-output>
          </reporter-output>
        </test-method> <!-- MultipleRun -->
        <test-method is-config="true" signature="tearDown()[pri:0, instance:test_login.Login_test@6200f9cb]" started-at="2026-05-27T22:21:01 IST" name="tearDown" finished-at="2026-05-27T22:21:03 IST" duration-ms="1665" status="PASS">
          <reporter-output>
          </reporter-output>
        </test-method> <!-- tearDown -->
        <test-method is-config="true" signature="setup()[pri:0, instance:test_login.Login_test@6200f9cb]" started-at="2026-05-27T22:21:03 IST" name="setup" finished-at="2026-05-27T22:21:10 IST" duration-ms="7378" status="PASS">
          <reporter-output>
          </reporter-output>
        </test-method> <!-- setup -->
        <test-method signature="MultipleRun()[pri:0, instance:test_login.Login_test@6200f9cb]" started-at="2026-05-27T22:21:10 IST" name="MultipleRun" finished-at="2026-05-27T22:23:33 IST" duration-ms="142802" status="PASS">
          <reporter-output>
          </reporter-output>
        </test-method> <!-- MultipleRun -->
        <test-method is-config="true" signature="tearDown()[pri:0, instance:test_login.Login_test@6200f9cb]" started-at="2026-05-27T22:23:33 IST" name="tearDown" finished-at="2026-05-27T22:23:34 IST" duration-ms="1316" status="PASS">
          <reporter-output>
          </reporter-output>
        </test-method> <!-- tearDown -->
        <test-method is-config="true" signature="setup()[pri:0, instance:test_login.Login_test@6200f9cb]" started-at="2026-05-27T22:23:34 IST" name="setup" finished-at="2026-05-27T22:23:41 IST" duration-ms="7189" status="PASS">
          <reporter-output>
          </reporter-output>
        </test-method> <!-- setup -->
        <test-method signature="MultipleRun()[pri:0, instance:test_login.Login_test@6200f9cb]" started-at="2026-05-27T22:23:41 IST" name="MultipleRun" finished-at="2026-05-27T22:26:06 IST" duration-ms="144369" status="PASS">
          <reporter-output>
          </reporter-output>
        </test-method> <!-- MultipleRun -->
        <test-method is-config="true" signature="tearDown()[pri:0, instance:test_login.Login_test@6200f9cb]" started-at="2026-05-27T22:26:06 IST" name="tearDown" finished-at="2026-05-27T22:26:07 IST" duration-ms="1291" status="PASS">
          <reporter-output>
          </reporter-output>
        </test-method> <!-- tearDown -->
        <test-method is-config="true" signature="setup()[pri:0, instance:test_login.Login_test@6200f9cb]" started-at="2026-05-27T22:26:07 IST" name="setup" finished-at="2026-05-27T22:26:15 IST" duration-ms="8028" status="PASS">
          <reporter-output>
          </reporter-output>
        </test-method> <!-- setup -->
        <test-method signature="MultipleRun()[pri:0, instance:test_login.Login_test@6200f9cb]" started-at="2026-05-27T22:26:15 IST" name="MultipleRun" finished-at="2026-05-27T22:28:36 IST" duration-ms="141194" status="PASS">
          <reporter-output>
          </reporter-output>
        </test-method> <!-- MultipleRun -->
        <test-method is-config="true" signature="tearDown()[pri:0, instance:test_login.Login_test@6200f9cb]" started-at="2026-05-27T22:28:36 IST" name="tearDown" finished-at="2026-05-27T22:28:38 IST" duration-ms="1566" status="PASS">
          <reporter-output>
          </reporter-output>
        </test-method> <!-- tearDown -->
        <test-method is-config="true" signature="setup()[pri:0, instance:test_login.Login_test@6200f9cb]" started-at="2026-05-27T22:28:38 IST" name="setup" finished-at="2026-05-27T22:28:45 IST" duration-ms="7611" status="PASS">
          <reporter-output>
          </reporter-output>
        </test-method> <!-- setup -->
        <test-method signature="MultipleRun()[pri:0, instance:test_login.Login_test@6200f9cb]" started-at="2026-05-27T22:28:45 IST" name="MultipleRun" finished-at="2026-05-27T22:31:04 IST" duration-ms="138664" status="PASS">
          <reporter-output>
          </reporter-output>
        </test-method> <!-- MultipleRun -->
        <test-method is-config="true" signature="tearDown()[pri:0, instance:test_login.Login_test@6200f9cb]" started-at="2026-05-27T22:31:04 IST" name="tearDown" finished-at="2026-05-27T22:31:06 IST" duration-ms="1708" status="PASS">
          <reporter-output>
          </reporter-output>
        </test-method> <!-- tearDown -->
        <test-method is-config="true" signature="setup()[pri:0, instance:test_login.Login_test@6200f9cb]" started-at="2026-05-27T22:31:06 IST" name="setup" finished-at="2026-05-27T22:31:13 IST" duration-ms="7352" status="PASS">
          <reporter-output>
          </reporter-output>
        </test-method> <!-- setup -->
        <test-method signature="MultipleRun()[pri:0, instance:test_login.Login_test@6200f9cb]" started-at="2026-05-27T22:31:13 IST" name="MultipleRun" finished-at="2026-05-27T22:33:35 IST" duration-ms="141514" status="PASS">
          <reporter-output>
          </reporter-output>
        </test-method> <!-- MultipleRun -->
        <test-method is-config="true" signature="tearDown()[pri:0, instance:test_login.Login_test@6200f9cb]" started-at="2026-05-27T22:33:35 IST" name="tearDown" finished-at="2026-05-27T22:33:36 IST" duration-ms="1168" status="PASS">
          <reporter-output>
          </reporter-output>
        </test-method> <!-- tearDown -->
        <test-method is-config="true" signature="setup()[pri:0, instance:test_login.Login_test@6200f9cb]" started-at="2026-05-27T22:33:36 IST" name="setup" finished-at="2026-05-27T22:33:43 IST" duration-ms="7210" status="PASS">
          <reporter-output>
          </reporter-output>
        </test-method> <!-- setup -->
        <test-method signature="MultipleRun()[pri:0, instance:test_login.Login_test@6200f9cb]" started-at="2026-05-27T22:33:43 IST" name="MultipleRun" finished-at="2026-05-27T22:36:03 IST" duration-ms="139787" status="PASS">
          <reporter-output>
          </reporter-output>
        </test-method> <!-- MultipleRun -->
        <test-method is-config="true" signature="tearDown()[pri:0, instance:test_login.Login_test@6200f9cb]" started-at="2026-05-27T22:36:03 IST" name="tearDown" finished-at="2026-05-27T22:36:04 IST" duration-ms="1605" status="PASS">
          <reporter-output>
          </reporter-output>
        </test-method> <!-- tearDown -->
        <test-method is-config="true" signature="setup()[pri:0, instance:test_login.Login_test@6200f9cb]" started-at="2026-05-27T22:36:04 IST" name="setup" finished-at="2026-05-27T22:36:14 IST" duration-ms="9374" status="PASS">
          <reporter-output>
          </reporter-output>
        </test-method> <!-- setup -->
        <test-method signature="MultipleRun()[pri:0, instance:test_login.Login_test@6200f9cb]" started-at="2026-05-27T22:36:14 IST" name="MultipleRun" finished-at="2026-05-27T22:38:34 IST" duration-ms="140236" status="PASS">
          <reporter-output>
          </reporter-output>
        </test-method> <!-- MultipleRun -->
        <test-method is-config="true" signature="tearDown()[pri:0, instance:test_login.Login_test@6200f9cb]" started-at="2026-05-27T22:38:34 IST" name="tearDown" finished-at="2026-05-27T22:38:35 IST" duration-ms="1260" status="PASS">
          <reporter-output>
          </reporter-output>
        </test-method> <!-- tearDown -->
        <test-method is-config="true" signature="setup()[pri:0, instance:test_login.Login_test@6200f9cb]" started-at="2026-05-27T22:38:35 IST" name="setup" finished-at="2026-05-27T22:38:42 IST" duration-ms="6390" status="PASS">
          <reporter-output>
          </reporter-output>
        </test-method> <!-- setup -->
        <test-method signature="MultipleRun()[pri:0, instance:test_login.Login_test@6200f9cb]" started-at="2026-05-27T22:38:42 IST" name="MultipleRun" finished-at="2026-05-27T22:41:02 IST" duration-ms="140071" status="PASS">
          <reporter-output>
          </reporter-output>
        </test-method> <!-- MultipleRun -->
        <test-method is-config="true" signature="tearDown()[pri:0, instance:test_login.Login_test@6200f9cb]" started-at="2026-05-27T22:41:02 IST" name="tearDown" finished-at="2026-05-27T22:41:03 IST" duration-ms="1360" status="PASS">
          <reporter-output>
          </reporter-output>
        </test-method> <!-- tearDown -->
        <test-method is-config="true" signature="setup()[pri:0, instance:test_login.Login_test@6200f9cb]" started-at="2026-05-27T22:41:03 IST" name="setup" finished-at="2026-05-27T22:41:11 IST" duration-ms="7479" status="PASS">
          <reporter-output>
          </reporter-output>
        </test-method> <!-- setup -->
        <test-method signature="MultipleRun()[pri:0, instance:test_login.Login_test@6200f9cb]" started-at="2026-05-27T22:41:11 IST" name="MultipleRun" finished-at="2026-05-27T22:43:33 IST" duration-ms="142574" status="PASS">
          <reporter-output>
          </reporter-output>
        </test-method> <!-- MultipleRun -->
        <test-method is-config="true" signature="tearDown()[pri:0, instance:test_login.Login_test@6200f9cb]" started-at="2026-05-27T22:43:33 IST" name="tearDown" finished-at="2026-05-27T22:43:35 IST" duration-ms="1312" status="PASS">
          <reporter-output>
          </reporter-output>
        </test-method> <!-- tearDown -->
        <test-method is-config="true" signature="setup()[pri:0, instance:test_login.Login_test@6200f9cb]" started-at="2026-05-27T22:43:35 IST" name="setup" finished-at="2026-05-27T22:43:42 IST" duration-ms="7456" status="PASS">
          <reporter-output>
          </reporter-output>
        </test-method> <!-- setup -->
        <test-method signature="MultipleRun()[pri:0, instance:test_login.Login_test@6200f9cb]" started-at="2026-05-27T22:43:42 IST" name="MultipleRun" finished-at="2026-05-27T22:46:02 IST" duration-ms="139562" status="PASS">
          <reporter-output>
          </reporter-output>
        </test-method> <!-- MultipleRun -->
        <test-method is-config="true" signature="tearDown()[pri:0, instance:test_login.Login_test@6200f9cb]" started-at="2026-05-27T22:46:02 IST" name="tearDown" finished-at="2026-05-27T22:46:03 IST" duration-ms="1323" status="PASS">
          <reporter-output>
          </reporter-output>
        </test-method> <!-- tearDown -->
        <test-method is-config="true" signature="setup()[pri:0, instance:test_login.Login_test@6200f9cb]" started-at="2026-05-27T22:46:03 IST" name="setup" finished-at="2026-05-27T22:46:10 IST" duration-ms="7292" status="PASS">
          <reporter-output>
          </reporter-output>
        </test-method> <!-- setup -->
        <test-method signature="MultipleRun()[pri:0, instance:test_login.Login_test@6200f9cb]" started-at="2026-05-27T22:46:10 IST" name="MultipleRun" finished-at="2026-05-27T22:48:29 IST" duration-ms="138326" status="PASS">
          <reporter-output>
          </reporter-output>
        </test-method> <!-- MultipleRun -->
        <test-method is-config="true" signature="tearDown()[pri:0, instance:test_login.Login_test@6200f9cb]" started-at="2026-05-27T22:48:29 IST" name="tearDown" finished-at="2026-05-27T22:48:30 IST" duration-ms="1190" status="PASS">
          <reporter-output>
          </reporter-output>
        </test-method> <!-- tearDown -->
        <test-method is-config="true" signature="setup()[pri:0, instance:test_login.Login_test@6200f9cb]" started-at="2026-05-27T22:48:30 IST" name="setup" finished-at="2026-05-27T22:48:37 IST" duration-ms="7179" status="PASS">
          <reporter-output>
          </reporter-output>
        </test-method> <!-- setup -->
        <test-method signature="MultipleRun()[pri:0, instance:test_login.Login_test@6200f9cb]" started-at="2026-05-27T22:48:37 IST" name="MultipleRun" finished-at="2026-05-27T22:51:03 IST" duration-ms="146164" status="PASS">
          <reporter-output>
          </reporter-output>
        </test-method> <!-- MultipleRun -->
        <test-method is-config="true" signature="tearDown()[pri:0, instance:test_login.Login_test@6200f9cb]" started-at="2026-05-27T22:51:03 IST" name="tearDown" finished-at="2026-05-27T22:51:05 IST" duration-ms="1362" status="PASS">
          <reporter-output>
          </reporter-output>
        </test-method> <!-- tearDown -->
        <test-method is-config="true" signature="setup()[pri:0, instance:test_login.Login_test@6200f9cb]" started-at="2026-05-27T22:51:05 IST" name="setup" finished-at="2026-05-27T22:51:13 IST" duration-ms="8317" status="PASS">
          <reporter-output>
          </reporter-output>
        </test-method> <!-- setup -->
        <test-method signature="MultipleRun()[pri:0, instance:test_login.Login_test@6200f9cb]" started-at="2026-05-27T22:51:13 IST" name="MultipleRun" finished-at="2026-05-27T22:53:35 IST" duration-ms="141891" status="PASS">
          <reporter-output>
          </reporter-output>
        </test-method> <!-- MultipleRun -->
        <test-method is-config="true" signature="tearDown()[pri:0, instance:test_login.Login_test@6200f9cb]" started-at="2026-05-27T22:53:35 IST" name="tearDown" finished-at="2026-05-27T22:53:36 IST" duration-ms="1617" status="PASS">
          <reporter-output>
          </reporter-output>
        </test-method> <!-- tearDown -->
        <test-method is-config="true" signature="setup()[pri:0, instance:test_login.Login_test@6200f9cb]" started-at="2026-05-27T22:53:36 IST" name="setup" finished-at="2026-05-27T22:53:46 IST" duration-ms="9758" status="PASS">
          <reporter-output>
          </reporter-output>
        </test-method> <!-- setup -->
        <test-method signature="MultipleRun()[pri:0, instance:test_login.Login_test@6200f9cb]" started-at="2026-05-27T22:53:46 IST" name="MultipleRun" finished-at="2026-05-27T22:56:07 IST" duration-ms="140723" status="PASS">
          <reporter-output>
          </reporter-output>
        </test-method> <!-- MultipleRun -->
        <test-method is-config="true" signature="tearDown()[pri:0, instance:test_login.Login_test@6200f9cb]" started-at="2026-05-27T22:56:07 IST" name="tearDown" finished-at="2026-05-27T22:56:08 IST" duration-ms="1359" status="PASS">
          <reporter-output>
          </reporter-output>
        </test-method> <!-- tearDown -->
        <test-method is-config="true" signature="setup()[pri:0, instance:test_login.Login_test@6200f9cb]" started-at="2026-05-27T22:56:08 IST" name="setup" finished-at="2026-05-27T22:56:16 IST" duration-ms="7367" status="PASS">
          <reporter-output>
          </reporter-output>
        </test-method> <!-- setup -->
        <test-method signature="MultipleRun()[pri:0, instance:test_login.Login_test@6200f9cb]" started-at="2026-05-27T22:56:16 IST" name="MultipleRun" finished-at="2026-05-27T22:58:38 IST" duration-ms="142695" status="PASS">
          <reporter-output>
          </reporter-output>
        </test-method> <!-- MultipleRun -->
        <test-method is-config="true" signature="tearDown()[pri:0, instance:test_login.Login_test@6200f9cb]" started-at="2026-05-27T22:58:38 IST" name="tearDown" finished-at="2026-05-27T22:58:40 IST" duration-ms="1684" status="PASS">
          <reporter-output>
          </reporter-output>
        </test-method> <!-- tearDown -->
        <test-method is-config="true" signature="setup()[pri:0, instance:test_login.Login_test@6200f9cb]" started-at="2026-05-27T22:58:40 IST" name="setup" finished-at="2026-05-27T22:58:48 IST" duration-ms="7949" status="PASS">
          <reporter-output>
          </reporter-output>
        </test-method> <!-- setup -->
        <test-method signature="MultipleRun()[pri:0, instance:test_login.Login_test@6200f9cb]" started-at="2026-05-27T22:58:48 IST" name="MultipleRun" finished-at="2026-05-27T23:01:06 IST" duration-ms="138417" status="PASS">
          <reporter-output>
          </reporter-output>
        </test-method> <!-- MultipleRun -->
        <test-method is-config="true" signature="tearDown()[pri:0, instance:test_login.Login_test@6200f9cb]" started-at="2026-05-27T23:01:06 IST" name="tearDown" finished-at="2026-05-27T23:01:08 IST" duration-ms="1297" status="PASS">
          <reporter-output>
          </reporter-output>
        </test-method> <!-- tearDown -->
        <test-method is-config="true" signature="setup()[pri:0, instance:test_login.Login_test@6200f9cb]" started-at="2026-05-27T23:01:08 IST" name="setup" finished-at="2026-05-27T23:01:14 IST" duration-ms="6554" status="PASS">
          <reporter-output>
          </reporter-output>
        </test-method> <!-- setup -->
        <test-method signature="MultipleRun()[pri:0, instance:test_login.Login_test@6200f9cb]" started-at="2026-05-27T23:01:14 IST" name="MultipleRun" finished-at="2026-05-27T23:03:35 IST" duration-ms="140584" status="PASS">
          <reporter-output>
          </reporter-output>
        </test-method> <!-- MultipleRun -->
        <test-method is-config="true" signature="tearDown()[pri:0, instance:test_login.Login_test@6200f9cb]" started-at="2026-05-27T23:03:35 IST" name="tearDown" finished-at="2026-05-27T23:03:36 IST" duration-ms="1122" status="PASS">
          <reporter-output>
          </reporter-output>
        </test-method> <!-- tearDown -->
        <test-method is-config="true" signature="setup()[pri:0, instance:test_login.Login_test@6200f9cb]" started-at="2026-05-27T23:03:36 IST" name="setup" finished-at="2026-05-27T23:03:43 IST" duration-ms="7250" status="PASS">
          <reporter-output>
          </reporter-output>
        </test-method> <!-- setup -->
        <test-method signature="MultipleRun()[pri:0, instance:test_login.Login_test@6200f9cb]" started-at="2026-05-27T23:03:43 IST" name="MultipleRun" finished-at="2026-05-27T23:06:04 IST" duration-ms="140471" status="PASS">
          <reporter-output>
          </reporter-output>
        </test-method> <!-- MultipleRun -->
        <test-method is-config="true" signature="tearDown()[pri:0, instance:test_login.Login_test@6200f9cb]" started-at="2026-05-27T23:06:04 IST" name="tearDown" finished-at="2026-05-27T23:06:05 IST" duration-ms="1339" status="PASS">
          <reporter-output>
          </reporter-output>
        </test-method> <!-- tearDown -->
        <test-method is-config="true" signature="setup()[pri:0, instance:test_login.Login_test@6200f9cb]" started-at="2026-05-27T23:06:05 IST" name="setup" finished-at="2026-05-27T23:06:12 IST" duration-ms="6778" status="PASS">
          <reporter-output>
          </reporter-output>
        </test-method> <!-- setup -->
        <test-method signature="MultipleRun()[pri:0, instance:test_login.Login_test@6200f9cb]" started-at="2026-05-27T23:06:12 IST" name="MultipleRun" finished-at="2026-05-27T23:08:32 IST" duration-ms="140195" status="PASS">
          <reporter-output>
          </reporter-output>
        </test-method> <!-- MultipleRun -->
        <test-method is-config="true" signature="tearDown()[pri:0, instance:test_login.Login_test@6200f9cb]" started-at="2026-05-27T23:08:32 IST" name="tearDown" finished-at="2026-05-27T23:08:33 IST" duration-ms="1362" status="PASS">
          <reporter-output>
          </reporter-output>
        </test-method> <!-- tearDown -->
        <test-method is-config="true" signature="setup()[pri:0, instance:test_login.Login_test@6200f9cb]" started-at="2026-05-27T23:08:33 IST" name="setup" finished-at="2026-05-27T23:08:40 IST" duration-ms="6183" status="PASS">
          <reporter-output>
          </reporter-output>
        </test-method> <!-- setup -->
        <test-method signature="MultipleRun()[pri:0, instance:test_login.Login_test@6200f9cb]" started-at="2026-05-27T23:08:40 IST" name="MultipleRun" finished-at="2026-05-27T23:11:01 IST" duration-ms="141911" status="PASS">
          <reporter-output>
          </reporter-output>
        </test-method> <!-- MultipleRun -->
        <test-method is-config="true" signature="tearDown()[pri:0, instance:test_login.Login_test@6200f9cb]" started-at="2026-05-27T23:11:01 IST" name="tearDown" finished-at="2026-05-27T23:11:03 IST" duration-ms="1551" status="PASS">
          <reporter-output>
          </reporter-output>
        </test-method> <!-- tearDown -->
        <test-method is-config="true" signature="setup()[pri:0, instance:test_login.Login_test@6200f9cb]" started-at="2026-05-27T23:11:03 IST" name="setup" finished-at="2026-05-27T23:11:11 IST" duration-ms="8265" status="PASS">
          <reporter-output>
          </reporter-output>
        </test-method> <!-- setup -->
        <test-method signature="MultipleRun()[pri:0, instance:test_login.Login_test@6200f9cb]" started-at="2026-05-27T23:11:11 IST" name="MultipleRun" finished-at="2026-05-27T23:13:31 IST" duration-ms="139679" status="PASS">
          <reporter-output>
          </reporter-output>
        </test-method> <!-- MultipleRun -->
        <test-method is-config="true" signature="tearDown()[pri:0, instance:test_login.Login_test@6200f9cb]" started-at="2026-05-27T23:13:31 IST" name="tearDown" finished-at="2026-05-27T23:13:33 IST" duration-ms="1579" status="PASS">
          <reporter-output>
          </reporter-output>
        </test-method> <!-- tearDown -->
        <test-method is-config="true" signature="setup()[pri:0, instance:test_login.Login_test@6200f9cb]" started-at="2026-05-27T23:13:33 IST" name="setup" finished-at="2026-05-27T23:13:40 IST" duration-ms="7290" status="PASS">
          <reporter-output>
          </reporter-output>
        </test-method> <!-- setup -->
        <test-method signature="MultipleRun()[pri:0, instance:test_login.Login_test@6200f9cb]" started-at="2026-05-27T23:13:40 IST" name="MultipleRun" finished-at="2026-05-27T23:16:05 IST" duration-ms="145045" status="PASS">
          <reporter-output>
          </reporter-output>
        </test-method> <!-- MultipleRun -->
        <test-method is-config="true" signature="tearDown()[pri:0, instance:test_login.Login_test@6200f9cb]" started-at="2026-05-27T23:16:05 IST" name="tearDown" finished-at="2026-05-27T23:16:07 IST" duration-ms="1989" status="PASS">
          <reporter-output>
          </reporter-output>
        </test-method> <!-- tearDown -->
      </class> <!-- test_login.Login_test -->
    </test> <!-- Test -->
  </suite> <!-- Suite -->
</testng-results>
