<?xml version="1.0" encoding="UTF-8"?>
<!-- Generated by org.testng.reporters.JUnitXMLReporter -->
<testsuite ignored="2" hostname="SEM-LP-06" failures="1" tests="30" name="Test" time="4521.244" errors="0" timestamp="2026-05-27T23:16:07 IST">
  <testcase classname="test_login.Login_test" name="MultipleRun" time="143.779"/>
  <testcase classname="test_login.Login_test" name="MultipleRun" time="121.569">
    <failure type="org.openqa.selenium.WebDriverException" message="&amp;apos;POST /element&amp;apos; cannot be proxied to UiAutomator2 server because the instrumentation process is not running (probably crashed). Check the server log and/or the logcat output for more details
Build info: version: &amp;apos;4.44.0&amp;apos;, revision: &amp;apos;da2039b&amp;apos;
System info: os.name: &amp;apos;Windows 11&amp;apos;, os.arch: &amp;apos;amd64&amp;apos;, os.version: &amp;apos;10.0&amp;apos;, java.version: &amp;apos;21.0.11&amp;apos;
Driver info: io.appium.java_client.android.AndroidDriver
Command: [d281cecd-0039-4e0e-951c-5a12afba9b68, findElement {value=(//android.widget.TextView[@text=&amp;apos;Unni Mukund&amp;apos;])[1], using=xpath}]
Capabilities {appium:appActivity: .MainActivity, appium:appPackage: com.clientelingmobileapp, appium:automationName: UiAutomator2, appium:chromedriverAutodownload: true, appium:databaseEnabled: false, appium:desired: {appActivity: .MainActivity, appPackage: com.clientelingmobileapp, automationName: UiAutomator2, chromedriverAutodownload: true, deviceName: Android Emulator, newCommandTimeout: 300, platformName: ANDROID, uiautomator2ServerInstallTimeout: 60000, uiautomator2ServerLaunchTimeout: 60000}, appium:deviceApiLevel: 34, appium:deviceManufacturer: Google, appium:deviceModel: sdk_gphone64_x86_64, appium:deviceName: emulator-5554, appium:deviceScreenDensity: 440, appium:deviceScreenSize: 1080x2340, appium:deviceUDID: emulator-5554, appium:javascriptEnabled: true, appium:locationContextEnabled: false, appium:networkConnectionEnabled: true, appium:newCommandTimeout: 300, appium:pixelRatio: 2.75, appium:platformVersion: 14, appium:statBarHeight: 136, appium:takesScreenshot: true, appium:uiautomator2ServerInstallTimeout: 60000, appium:uiautomator2ServerLaunchTimeout: 60000, appium:viewportRect: {height: 2204, left: 0, top: 136, width: 1080}, appium:warnings: {}, appium:webStorageEnabled: false, platformName: ANDROID}
Session ID: d281cecd-0039-4e0e-951c-5a12afba9b68">
      <![CDATA[org.openqa.selenium.WebDriverException: 'POST /element' cannot be proxied to UiAutomator2 server because the instrumentation process is not running (probably crashed). Check the server log and/or the logcat output for more details
Build info: version: '4.44.0', revision: 'da2039b'
System info: os.name: 'Windows 11', os.arch: 'amd64', os.version: '10.0', java.version: '21.0.11'
Driver info: io.appium.java_client.android.AndroidDriver
Command: [d281cecd-0039-4e0e-951c-5a12afba9b68, findElement {value=(//android.widget.TextView[@text='Unni Mukund'])[1], using=xpath}]
Capabilities {appium:appActivity: .MainActivity, appium:appPackage: com.clientelingmobileapp, appium:automationName: UiAutomator2, appium:chromedriverAutodownload: true, appium:databaseEnabled: false, appium:desired: {appActivity: .MainActivity, appPackage: com.clientelingmobileapp, automationName: UiAutomator2, chromedriverAutodownload: true, deviceName: Android Emulator, newCommandTimeout: 300, platformName: ANDROID, uiautomator2ServerInstallTimeout: 60000, uiautomator2ServerLaunchTimeout: 60000}, appium:deviceApiLevel: 34, appium:deviceManufacturer: Google, appium:deviceModel: sdk_gphone64_x86_64, appium:deviceName: emulator-5554, appium:deviceScreenDensity: 440, appium:deviceScreenSize: 1080x2340, appium:deviceUDID: emulator-5554, appium:javascriptEnabled: true, appium:locationContextEnabled: false, appium:networkConnectionEnabled: true, appium:newCommandTimeout: 300, appium:pixelRatio: 2.75, appium:platformVersion: 14, appium:statBarHeight: 136, appium:takesScreenshot: true, appium:uiautomator2ServerInstallTimeout: 60000, appium:uiautomator2ServerLaunchTimeout: 60000, appium:viewportRect: {height: 2204, left: 0, top: 136, width: 1080}, appium:warnings: {}, appium:webStorageEnabled: false, platformName: ANDROID}
Session ID: d281cecd-0039-4e0e-951c-5a12afba9b68
at org.openqa.selenium.remote.ErrorCodec.decode(ErrorCodec.java:169)
at org.openqa.selenium.remote.codec.w3c.W3CHttpResponseCodec.decode(W3CHttpResponseCodec.java:143)
at org.openqa.selenium.remote.codec.w3c.W3CHttpResponseCodec.decode(W3CHttpResponseCodec.java:50)
at org.openqa.selenium.remote.HttpCommandExecutor.execute(HttpCommandExecutor.java:224)
at io.appium.java_client.remote.AppiumCommandExecutor.execute(AppiumCommandExecutor.java:243)
at org.openqa.selenium.remote.RemoteWebDriver.execute(RemoteWebDriver.java:600)
at org.openqa.selenium.remote.ElementLocation$ElementFinder$2.findElement(ElementLocation.java:173)
at org.openqa.selenium.remote.ElementLocation.findElement(ElementLocation.java:60)
at org.openqa.selenium.remote.RemoteWebDriver.findElement(RemoteWebDriver.java:421)
at org.openqa.selenium.remote.RemoteWebDriver.findElement(RemoteWebDriver.java:415)
at test_login.Login_test.MultipleRun(Login_test.java:599)
at java.base/java.util.ArrayList.forEach(ArrayList.java:1596)
... Removed 25 stack frames]]>
    </failure>
  </testcase> <!-- MultipleRun -->
  <testcase classname="test_login.Login_test" name="MultipleRun" time="140.811"/>
  <testcase classname="test_login.Login_test" name="MultipleRun" time="143.965"/>
  <testcase classname="test_login.Login_test" name="MultipleRun" time="145.215"/>
  <testcase classname="test_login.Login_test" name="MultipleRun" time="147.604"/>
  <testcase classname="test_login.Login_test" name="MultipleRun" time="139.967"/>
  <testcase classname="test_login.Login_test" name="MultipleRun" time="141.966"/>
  <testcase classname="test_login.Login_test" name="MultipleRun" time="142.802"/>
  <testcase classname="test_login.Login_test" name="MultipleRun" time="144.369"/>
  <testcase classname="test_login.Login_test" name="MultipleRun" time="141.194"/>
  <testcase classname="test_login.Login_test" name="MultipleRun" time="138.664"/>
  <testcase classname="test_login.Login_test" name="MultipleRun" time="141.514"/>
  <testcase classname="test_login.Login_test" name="MultipleRun" time="139.787"/>
  <testcase classname="test_login.Login_test" name="MultipleRun" time="140.236"/>
  <testcase classname="test_login.Login_test" name="MultipleRun" time="140.071"/>
  <testcase classname="test_login.Login_test" name="MultipleRun" time="142.574"/>
  <testcase classname="test_login.Login_test" name="MultipleRun" time="139.562"/>
  <testcase classname="test_login.Login_test" name="MultipleRun" time="138.326"/>
  <testcase classname="test_login.Login_test" name="MultipleRun" time="146.164"/>
  <testcase classname="test_login.Login_test" name="MultipleRun" time="141.891"/>
  <testcase classname="test_login.Login_test" name="MultipleRun" time="140.723"/>
  <testcase classname="test_login.Login_test" name="MultipleRun" time="142.695"/>
  <testcase classname="test_login.Login_test" name="MultipleRun" time="138.417"/>
  <testcase classname="test_login.Login_test" name="MultipleRun" time="140.584"/>
  <testcase classname="test_login.Login_test" name="MultipleRun" time="140.471"/>
  <testcase classname="test_login.Login_test" name="MultipleRun" time="140.195"/>
  <testcase classname="test_login.Login_test" name="MultipleRun" time="141.911"/>
  <testcase classname="test_login.Login_test" name="MultipleRun" time="139.679"/>
  <testcase classname="test_login.Login_test" name="MultipleRun" time="145.045"/>
  <testcase classname="test_login.Login_test" name="CheckToken" time="0.0">
    <ignored/>
  </testcase> <!-- CheckToken -->
  <testcase classname="test_login.Login_test" name="loginTest_Im" time="0.0">
    <ignored/>
  </testcase> <!-- loginTest_Im -->
</testsuite> <!-- Test -->
