<?xml version="1.0" encoding="UTF-8"?>
<!-- Generated by org.testng.reporters.JUnitReportReporter -->
<testsuite hostname="SEM-LP-06" failures="0" tests="30" name="test_login.Login_test" time="4520.268" errors="1" timestamp="2026-05-27T23:16:08 IST" skipped="0">
  <testcase classname="test_login.Login_test" name="MultipleRun" time="150.544"/>
  <testcase classname="test_login.Login_test" name="MultipleRun" time="152.898"/>
  <testcase classname="test_login.Login_test" name="MultipleRun" time="149.209"/>
  <testcase classname="test_login.Login_test" name="MultipleRun" time="148.943"/>
  <testcase classname="test_login.Login_test" name="MultipleRun" time="150.821"/>
  <testcase classname="test_login.Login_test" name="MultipleRun" time="149.517"/>
  <testcase classname="test_login.Login_test" name="MultipleRun" time="154.634"/>
  <testcase classname="test_login.Login_test" name="MultipleRun" time="151.489"/>
  <testcase classname="test_login.Login_test" name="MultipleRun" time="150.088"/>
  <testcase classname="test_login.Login_test" name="MultipleRun" time="146.055"/>
  <testcase classname="test_login.Login_test" name="MultipleRun" time="157.181"/>
  <testcase classname="test_login.Login_test" name="MultipleRun" time="147.933"/>
  <testcase classname="test_login.Login_test" name="MultipleRun" time="152.540"/>
  <testcase classname="test_login.Login_test" name="MultipleRun" time="147.635"/>
  <testcase classname="test_login.Login_test" name="MultipleRun" time="156.706"/>
  <testcase classname="test_login.Login_test" name="MultipleRun" time="153.926"/>
  <testcase classname="test_login.Login_test" name="MultipleRun" time="153.333"/>
  <testcase classname="test_login.Login_test" name="MultipleRun" time="151.288"/>
  <testcase classname="test_login.Login_test" name="MultipleRun" time="145.893"/>
  <testcase classname="test_login.Login_test" name="MultipleRun" time="149.465"/>
  <testcase classname="test_login.Login_test" name="MultipleRun" time="151.678"/>
  <testcase classname="test_login.Login_test" name="MultipleRun" time="149.266"/>
  <testcase classname="test_login.Login_test" name="MultipleRun" time="148.305"/>
  <testcase classname="test_login.Login_test" name="MultipleRun" time="154.982"/>
  <testcase classname="test_login.Login_test" name="MultipleRun" time="151.462"/>
  <testcase classname="test_login.Login_test" name="MultipleRun" time="149.510"/>
  <testcase classname="test_login.Login_test" name="MultipleRun" time="155.761"/>
  <testcase classname="test_login.Login_test" name="MultipleRun" time="153.750"/>
  <testcase classname="test_login.Login_test" name="MultipleRun" time="152.805"/>
  <testcase classname="test_login.Login_test" name="MultipleRun" time="132.651">
    <error message="&#039;POST /element&#039; cannot be proxied to UiAutomator2 server because the instrumentation process is not running (probably crashed). Check the server log and/or the logcat output for more details
Build info: version: &#039;4.44.0&#039;, revision: &#039;da2039b&#039;
System info: os.name: &#039;Windows 11&#039;, os.arch: &#039;amd64&#039;, os.version: &#039;10.0&#039;, java.version: &#039;21.0.11&#039;
Driver info: io.appium.java_client.android.AndroidDriver
Command: [d281cecd-0039-4e0e-951c-5a12afba9b68, findElement {value=(//android.widget.TextView[@text=&#039;Unni Mukund&#039;])[1], using=xpath}]
Capabilities {appium:appActivity: .MainActivity, appium:appPackage: com.clientelingmobileapp, appium:automationName: UiAutomator2, appium:chromedriverAutodownload: true, appium:databaseEnabled: false, appium:desired: {appActivity: .MainActivity, appPackage: com.clientelingmobileapp, automationName: UiAutomator2, chromedriverAutodownload: true, deviceName: Android Emulator, newCommandTimeout: 300, platformName: ANDROID, uiautomator2ServerInstallTimeout: 60000, uiautomator2ServerLaunchTimeout: 60000}, appium:deviceApiLevel: 34, appium:deviceManufacturer: Google, appium:deviceModel: sdk_gphone64_x86_64, appium:deviceName: emulator-5554, appium:deviceScreenDensity: 440, appium:deviceScreenSize: 1080x2340, appium:deviceUDID: emulator-5554, appium:javascriptEnabled: true, appium:locationContextEnabled: false, appium:networkConnectionEnabled: true, appium:newCommandTimeout: 300, appium:pixelRatio: 2.75, appium:platformVersion: 14, appium:statBarHeight: 136, appium:takesScreenshot: true, appium:uiautomator2ServerInstallTimeout: 60000, appium:uiautomator2ServerLaunchTimeout: 60000, appium:viewportRect: {height: 2204, left: 0, top: 136, width: 1080}, appium:warnings: {}, appium:webStorageEnabled: false, platformName: ANDROID}
Session ID: d281cecd-0039-4e0e-951c-5a12afba9b68" type="org.openqa.selenium.WebDriverException">
      <![CDATA[org.openqa.selenium.WebDriverException: 'POST /element' cannot be proxied to UiAutomator2 server because the instrumentation process is not running (probably crashed). Check the server log and/or the logcat output for more details
Build info: version: '4.44.0', revision: 'da2039b'
System info: os.name: 'Windows 11', os.arch: 'amd64', os.version: '10.0', java.version: '21.0.11'
Driver info: io.appium.java_client.android.AndroidDriver
Command: [d281cecd-0039-4e0e-951c-5a12afba9b68, findElement {value=(//android.widget.TextView[@text='Unni Mukund'])[1], using=xpath}]
Capabilities {appium:appActivity: .MainActivity, appium:appPackage: com.clientelingmobileapp, appium:automationName: UiAutomator2, appium:chromedriverAutodownload: true, appium:databaseEnabled: false, appium:desired: {appActivity: .MainActivity, appPackage: com.clientelingmobileapp, automationName: UiAutomator2, chromedriverAutodownload: true, deviceName: Android Emulator, newCommandTimeout: 300, platformName: ANDROID, uiautomator2ServerInstallTimeout: 60000, uiautomator2ServerLaunchTimeout: 60000}, appium:deviceApiLevel: 34, appium:deviceManufacturer: Google, appium:deviceModel: sdk_gphone64_x86_64, appium:deviceName: emulator-5554, appium:deviceScreenDensity: 440, appium:deviceScreenSize: 1080x2340, appium:deviceUDID: emulator-5554, appium:javascriptEnabled: true, appium:locationContextEnabled: false, appium:networkConnectionEnabled: true, appium:newCommandTimeout: 300, appium:pixelRatio: 2.75, appium:platformVersion: 14, appium:statBarHeight: 136, appium:takesScreenshot: true, appium:uiautomator2ServerInstallTimeout: 60000, appium:uiautomator2ServerLaunchTimeout: 60000, appium:viewportRect: {height: 2204, left: 0, top: 136, width: 1080}, appium:warnings: {}, appium:webStorageEnabled: false, platformName: ANDROID}
Session ID: d281cecd-0039-4e0e-951c-5a12afba9b68
at org.openqa.selenium.remote.ErrorCodec.decode(ErrorCodec.java:169)
at org.openqa.selenium.remote.codec.w3c.W3CHttpResponseCodec.decode(W3CHttpResponseCodec.java:143)
at org.openqa.selenium.remote.codec.w3c.W3CHttpResponseCodec.decode(W3CHttpResponseCodec.java:50)
at org.openqa.selenium.remote.HttpCommandExecutor.execute(HttpCommandExecutor.java:224)
at io.appium.java_client.remote.AppiumCommandExecutor.execute(AppiumCommandExecutor.java:243)
at org.openqa.selenium.remote.RemoteWebDriver.execute(RemoteWebDriver.java:600)
at org.openqa.selenium.remote.ElementLocation$ElementFinder$2.findElement(ElementLocation.java:173)
at org.openqa.selenium.remote.ElementLocation.findElement(ElementLocation.java:60)
at org.openqa.selenium.remote.RemoteWebDriver.findElement(RemoteWebDriver.java:421)
at org.openqa.selenium.remote.RemoteWebDriver.findElement(RemoteWebDriver.java:415)
at test_login.Login_test.MultipleRun(Login_test.java:599)
at java.base/jdk.internal.reflect.DirectMethodHandleAccessor.invoke(DirectMethodHandleAccessor.java:103)
at java.base/java.lang.reflect.Method.invoke(Method.java:580)
at org.testng.internal.invokers.MethodInvocationHelper.invokeMethod(MethodInvocationHelper.java:141)
at org.testng.internal.invokers.TestInvoker.invokeMethod(TestInvoker.java:687)
at org.testng.internal.invokers.TestInvoker.invokeTestMethod(TestInvoker.java:230)
at org.testng.internal.invokers.MethodRunner.runInSequence(MethodRunner.java:63)
at org.testng.internal.invokers.TestInvoker$MethodInvocationAgent.invoke(TestInvoker.java:995)
at org.testng.internal.invokers.TestInvoker.invokeTestMethods(TestInvoker.java:203)
at org.testng.internal.invokers.TestMethodWorker.invokeTestMethods(TestMethodWorker.java:154)
at org.testng.internal.invokers.TestMethodWorker.run(TestMethodWorker.java:134)
at java.base/java.util.ArrayList.forEach(ArrayList.java:1596)
at org.testng.TestRunner.privateRun(TestRunner.java:741)
at org.testng.TestRunner.run(TestRunner.java:616)
at org.testng.SuiteRunner.runTest(SuiteRunner.java:421)
at org.testng.SuiteRunner.runSequentially(SuiteRunner.java:413)
at org.testng.SuiteRunner.privateRun(SuiteRunner.java:373)
at org.testng.SuiteRunner.run(SuiteRunner.java:312)
at org.testng.SuiteRunnerWorker.runSuite(SuiteRunnerWorker.java:52)
at org.testng.SuiteRunnerWorker.run(SuiteRunnerWorker.java:95)
at org.testng.TestNG.runSuitesSequentially(TestNG.java:1274)
at org.testng.TestNG.runSuitesLocally(TestNG.java:1208)
at org.testng.TestNG.runSuites(TestNG.java:1112)
at org.testng.TestNG.run(TestNG.java:1079)
at org.testng.remote.AbstractRemoteTestNG.run(AbstractRemoteTestNG.java:115)
at org.testng.remote.RemoteTestNG.initAndRun(RemoteTestNG.java:293)
at org.testng.remote.RemoteTestNG.main(RemoteTestNG.java:91)
]]>
    </error>
  </testcase> <!-- MultipleRun -->
</testsuite> <!-- test_login.Login_test -->
